2020-04-14 11:18:51,784 INFO  [main] Open page https://cloud.google.com/
2020-04-14 11:18:52,942 INFO  [main] Fill request Google Cloud Platform Pricing Calculator in search input
2020-04-14 11:18:52,988 INFO  [main] Looking for link to page with calculator...
2020-04-14 11:18:56,237 INFO  [main] Check desired search result
2020-04-14 11:19:03,628 INFO  [main] Open Google Cloud Calculator Page
2020-04-14 11:19:09,199 INFO  [main] Computer engine button was clicked.
2020-04-14 11:19:09,200 INFO  [main] Start to fill in required data
2020-04-14 11:19:15,902 INFO  [main] Required fields are filled
2020-04-14 11:19:16,389 INFO  [main] AddToEstimate button is clicked
2020-04-14 11:19:19,244 INFO  [main] The page with the random email generator is open
2020-04-14 11:19:20,581 INFO  [main] New email address is generated
2020-04-14 11:19:30,667 INFO  [main] Cost from email is recieved
2020-04-14 11:19:42,885 INFO  [main] Open page https://cloud.google.com/
2020-04-14 11:19:44,368 INFO  [main] Fill request Google Cloud Platform Pricing Calculator in search input
2020-04-14 11:19:44,369 INFO  [main] Looking for link to page with calculator...
2020-04-14 11:19:47,280 INFO  [main] Check desired search result
2020-04-14 11:19:53,857 INFO  [main] Open Google Cloud Calculator Page
2020-04-14 11:19:58,301 INFO  [main] Computer engine button was clicked.
2020-04-14 11:19:58,302 INFO  [main] Start to fill in required data
2020-04-14 11:20:05,093 INFO  [main] Required fields are filled
2020-04-14 11:20:05,843 INFO  [main] AddToEstimate button is clicked
